<?xml version="1.0"?>
<!DOCTYPE coverage SYSTEM "http://cobertura.sourceforge.net/xml/coverage-04.dtd">
<coverage 
line-rate="1.00" lines-valid="24" lines-covered="24" branches-valid="6" branches-covered="6" branch-rate="1.00" complexity="0" version="1.0" timestamp="1517942264627">
    <sources>
        <source>--source</source>
        <source>/home/knoldus/IdeaProjects/knolkartTest/account/src/main/scala</source>
    </sources>
    <packages>
        <package name="operations" line-rate="1.00" branch-rate="1.00" complexity="0">
            <classes>
                <class 
                name="operations.UserOperations" filename="operations/UserOperations.scala" line-rate="1.00" branch-rate="1.00" complexity="0">
                    <methods>
                        <method 
                        name="operations/UserOperations/&lt;none&gt;" signature="()V" line-rate="1.00" branch-rate="1.00" complexity="0">
                            <lines>
                                <line number="9" hits="1" branch="false"/>
                                <line number="9" hits="1" branch="false"/>
                            </lines>
</method>
                        <method name="operations/UserOperations/removeUser" signature="()V" line-rate="1.00" branch-rate="1.00" complexity="0">
                            <lines>
                                <line number="27" hits="1" branch="false"/>
                                <line number="22" hits="1" branch="false"/>
                                <line number="24" hits="1" branch="false"/>
                                <line number="24" hits="1" branch="false"/>
                                <line number="27" hits="1" branch="false"/>
                                <line number="22" hits="1" branch="false"/>
                                <line number="22" hits="1" branch="false"/>
                                <line number="24" hits="1" branch="false"/>
                            </lines>
                        </method>
                        <method 
                        name="operations/UserOperations/authenticateUser" signature="()V" line-rate="1.00" branch-rate="1.00" complexity="0">
                            <lines>
                                <line number="37" hits="1" branch="false"/>
                                <line number="32" hits="1" branch="false"/>
                                <line number="34" hits="1" branch="false"/>
                                <line number="32" hits="1" branch="false"/>
                                <line number="32" hits="1" branch="false"/>
                                <line number="34" hits="1" branch="false"/>
                                <line number="37" hits="1" branch="false"/>
                            </lines>
</method>
                        <method name="operations/UserOperations/addUser" signature="()V" line-rate="1.00" branch-rate="1.00" complexity="0">
                            <lines>
                                <line number="17" hits="1" branch="false"/>
                                <line number="12" hits="1" branch="false"/>
                                <line number="12" hits="1" branch="false"/>
                                <line number="14" hits="1" branch="false"/>
                                <line number="17" hits="1" branch="false"/>
                                <line number="12" hits="1" branch="false"/>
                                <line number="14" hits="1" branch="false"/>
                            </lines>
                        </method>
                    </methods>
                    <lines>
                        <line number="37" hits="1" branch="false"/>
                        <line number="27" hits="1" branch="false"/>
                        <line number="17" hits="1" branch="false"/>
                        <line number="22" hits="1" branch="false"/>
                        <line number="32" hits="1" branch="false"/>
                        <line number="9" hits="1" branch="false"/>
                        <line number="12" hits="1" branch="false"/>
                        <line number="24" hits="1" branch="false"/>
                        <line number="12" hits="1" branch="false"/>
                        <line number="24" hits="1" branch="false"/>
                        <line number="34" hits="1" branch="false"/>
                        <line number="27" hits="1" branch="false"/>
                        <line number="14" hits="1" branch="false"/>
                        <line number="22" hits="1" branch="false"/>
                        <line number="9" hits="1" branch="false"/>
                        <line number="32" hits="1" branch="false"/>
                        <line number="17" hits="1" branch="false"/>
                        <line number="32" hits="1" branch="false"/>
                        <line number="22" hits="1" branch="false"/>
                        <line number="12" hits="1" branch="false"/>
                        <line number="34" hits="1" branch="false"/>
                        <line number="14" hits="1" branch="false"/>
                        <line number="24" hits="1" branch="false"/>
                        <line number="37" hits="1" branch="false"/>
                    </lines>
</class>
            </classes>
        </package>
    </packages>
</coverage>
