<?xml version="1.0"?>
<!DOCTYPE coverage SYSTEM "http://cobertura.sourceforge.net/xml/coverage-04.dtd">
<coverage 
line-rate="0.00" lines-valid="3" lines-covered="0" branches-valid="0" branches-covered="0" branch-rate="0.00" complexity="0" version="1.0" timestamp="1517942265492">
    <sources>
        <source>--source</source>
        <source>/home/knoldus/IdeaProjects/knolkartTest/apiResources/src/main/scala</source>
    </sources>
    <packages>
        <package name="objects" line-rate="0.00" branch-rate="0.00" complexity="0">
            <classes>
                <class 
                name="objects.KnolkartObjects" filename="objects/KnolkartObjects.scala" line-rate="0.00" branch-rate="0.00" complexity="0">
                    <methods>
                        <method name="objects/KnolkartObjects/&lt;none&gt;" signature="()V" line-rate="0.00" branch-rate="0.00" complexity="0">
                            <lines>
                                <line number="8" hits="0" branch="false"/>
                                <line number="7" hits="0" branch="false"/>
                                <line number="9" hits="0" branch="false"/>
                            </lines>
                        </method>
                    </methods>
                    <lines>
                        <line number="8" hits="0" branch="false"/>
                        <line number="7" hits="0" branch="false"/>
                        <line number="9" hits="0" branch="false"/>
                    </lines>
</class>
            </classes>
        </package>
    </packages>
</coverage>
