<?xml version="1.0"?>
<!DOCTYPE coverage SYSTEM "http://cobertura.sourceforge.net/xml/coverage-04.dtd">
<coverage 
line-rate="0.00" lines-valid="22" lines-covered="0" branches-valid="6" branches-covered="0" branch-rate="0.00" complexity="0" version="1.0" timestamp="1517942266126">
    <sources>
        <source>--source</source>
        <source>/home/knoldus/IdeaProjects/knolkartTest/dashboard/src/main/scala</source>
    </sources>
    <packages>
        <package name="operations" line-rate="0.00" branch-rate="0.00" complexity="0">
            <classes>
                <class 
                name="operations.InventoryOperations" filename="operations/InventoryOperations.scala" line-rate="0.00" branch-rate="0.00" complexity="0">
                    <methods>
                        <method 
                        name="operations/InventoryOperations/addItem" signature="()V" line-rate="0.00" branch-rate="0.00" complexity="0">
                            <lines>
                                <line number="9" hits="0" branch="false"/>
                                <line number="11" hits="0" branch="false"/>
                                <line number="11" hits="0" branch="false"/>
                                <line number="14" hits="0" branch="false"/>
                                <line number="9" hits="0" branch="false"/>
                                <line number="9" hits="0" branch="false"/>
                                <line number="14" hits="0" branch="false"/>
                            </lines>
</method>
                        <method 
                        name="operations/InventoryOperations/sortItems" signature="()V" line-rate="0.00" branch-rate="0.00" complexity="0">
                            <lines>
                                <line number="30" hits="0" branch="false"/>
                                <line number="33" hits="0" branch="false"/>
                                <line number="29" hits="0" branch="false"/>
                                <line number="33" hits="0" branch="false"/>
                                <line number="30" hits="0" branch="false"/>
                                <line number="33" hits="0" branch="false"/>
                                <line number="30" hits="0" branch="false"/>
                                <line number="33" hits="0" branch="false"/>
                                <line number="30" hits="0" branch="false"/>
                            </lines>
</method>
                        <method 
                        name="operations/InventoryOperations/searchItems" signature="()V" line-rate="0.00" branch-rate="0.00" complexity="0">
                            <lines>
                                <line number="19" hits="0" branch="false"/>
                                <line number="21" hits="0" branch="false"/>
                                <line number="24" hits="0" branch="false"/>
                                <line number="20" hits="0" branch="false"/>
                                <line number="19" hits="0" branch="false"/>
                                <line number="21" hits="0" branch="false"/>
                            </lines>
</method>
                    </methods>
                    <lines>
                        <line number="30" hits="0" branch="false"/>
                        <line number="19" hits="0" branch="false"/>
                        <line number="21" hits="0" branch="false"/>
                        <line number="33" hits="0" branch="false"/>
                        <line number="9" hits="0" branch="false"/>
                        <line number="11" hits="0" branch="false"/>
                        <line number="29" hits="0" branch="false"/>
                        <line number="11" hits="0" branch="false"/>
                        <line number="24" hits="0" branch="false"/>
                        <line number="33" hits="0" branch="false"/>
                        <line number="30" hits="0" branch="false"/>
                        <line number="14" hits="0" branch="false"/>
                        <line number="20" hits="0" branch="false"/>
                        <line number="9" hits="0" branch="false"/>
                        <line number="33" hits="0" branch="false"/>
                        <line number="19" hits="0" branch="false"/>
                        <line number="30" hits="0" branch="false"/>
                        <line number="21" hits="0" branch="false"/>
                        <line number="9" hits="0" branch="false"/>
                        <line number="33" hits="0" branch="false"/>
                        <line number="14" hits="0" branch="false"/>
                        <line number="30" hits="0" branch="false"/>
                    </lines>
</class>
            </classes>
        </package>
    </packages>
</coverage>
